{"contracts/BasicNft.sol":{"l":{"11":0,"15":0,"16":0,"17":0,"23":0,"27":0},"path":"/home/soroush/hardhat-nft/contracts/BasicNft.sol","s":{"1":0,"2":0,"3":0,"4":0,"5":0,"6":0},"b":{},"f":{"1":0,"2":0,"3":0,"4":0},"fnMap":{"1":{"name":"constructor","line":10,"loc":{"start":{"line":10,"column":4},"end":{"line":12,"column":4}}},"2":{"name":"mintNft","line":14,"loc":{"start":{"line":14,"column":4},"end":{"line":18,"column":4}}},"3":{"name":"tokenURI","line":20,"loc":{"start":{"line":20,"column":4},"end":{"line":24,"column":4}}},"4":{"name":"getTokenCounter","line":26,"loc":{"start":{"line":26,"column":4},"end":{"line":28,"column":4}}}},"statementMap":{"1":{"start":{"line":11,"column":8},"end":{"line":11,"column":25}},"2":{"start":{"line":15,"column":8},"end":{"line":15,"column":44}},"3":{"start":{"line":16,"column":8},"end":{"line":16,"column":42}},"4":{"start":{"line":17,"column":8},"end":{"line":17,"column":29}},"5":{"start":{"line":23,"column":8},"end":{"line":23,"column":24}},"6":{"start":{"line":27,"column":8},"end":{"line":27,"column":29}}},"branchMap":{}},"contracts/RandomIpfsNft.sol":{"l":{"48":0,"49":0,"50":0,"51":0,"52":0,"53":0,"57":0,"58":0,"61":0,"68":0,"69":0,"76":0,"77":0,"80":0,"82":0,"83":0,"84":0,"85":0,"89":0,"90":0,"91":0,"92":0,"101":0,"102":0,"103":0,"104":0,"108":0,"110":0,"112":0,"116":0,"120":0,"128":0,"132":0},"path":"/home/soroush/hardhat-nft/contracts/RandomIpfsNft.sol","s":{"1":0,"2":0,"3":0,"4":0,"5":0,"6":0,"7":0,"8":0,"9":0,"10":0,"11":0,"12":0,"13":0,"14":0,"15":0,"16":0,"17":0,"18":0,"19":0,"20":0,"21":0,"22":0,"23":0,"24":0,"25":0,"26":0,"27":0,"28":0,"29":0,"30":0},"b":{"1":[0,0],"2":[0,0],"3":[0,0]},"f":{"1":0,"2":0,"3":0,"4":0,"5":0,"6":0,"7":0,"8":0,"9":0},"fnMap":{"1":{"name":"constructor","line":47,"loc":{"start":{"line":40,"column":4},"end":{"line":54,"column":4}}},"2":{"name":"requestNft","line":56,"loc":{"start":{"line":56,"column":4},"end":{"line":70,"column":4}}},"3":{"name":"fulfillRandomWords","line":72,"loc":{"start":{"line":72,"column":4},"end":{"line":86,"column":4}}},"4":{"name":"withdraw","line":88,"loc":{"start":{"line":88,"column":4},"end":{"line":94,"column":4}}},"5":{"name":"getBreedFromModdedRng","line":96,"loc":{"start":{"line":96,"column":4},"end":{"line":113,"column":4}}},"6":{"name":"getChanceArray","line":115,"loc":{"start":{"line":115,"column":4},"end":{"line":117,"column":4}}},"7":{"name":"getMintFee","line":119,"loc":{"start":{"line":119,"column":4},"end":{"line":121,"column":4}}},"8":{"name":"getDogTokenUris","line":123,"loc":{"start":{"line":123,"column":4},"end":{"line":129,"column":4}}},"9":{"name":"getTokenCounter","line":131,"loc":{"start":{"line":131,"column":4},"end":{"line":133,"column":4}}}},"statementMap":{"1":{"start":{"line":48,"column":8},"end":{"line":48,"column":69}},"2":{"start":{"line":49,"column":8},"end":{"line":49,"column":40}},"3":{"start":{"line":50,"column":8},"end":{"line":50,"column":26}},"4":{"start":{"line":51,"column":8},"end":{"line":51,"column":44}},"5":{"start":{"line":52,"column":8},"end":{"line":52,"column":36}},"6":{"start":{"line":53,"column":8},"end":{"line":53,"column":26}},"7":{"start":{"line":57,"column":8},"end":{"line":57,"column":1995}},"8":{"start":{"line":61,"column":8},"end":{"line":61,"column":2096}},"9":{"start":{"line":68,"column":8},"end":{"line":68,"column":50}},"10":{"start":{"line":69,"column":8},"end":{"line":69,"column":48}},"11":{"start":{"line":76,"column":8},"end":{"line":76,"column":57}},"12":{"start":{"line":77,"column":8},"end":{"line":77,"column":43}},"13":{"start":{"line":80,"column":8},"end":{"line":80,"column":61}},"14":{"start":{"line":82,"column":8},"end":{"line":82,"column":57}},"15":{"start":{"line":83,"column":8},"end":{"line":83,"column":38}},"16":{"start":{"line":84,"column":8},"end":{"line":84,"column":66}},"17":{"start":{"line":85,"column":8},"end":{"line":85,"column":43}},"18":{"start":{"line":89,"column":8},"end":{"line":89,"column":46}},"19":{"start":{"line":90,"column":8},"end":{"line":90,"column":70}},"20":{"start":{"line":91,"column":8},"end":{"line":91,"column":3133}},"21":{"start":{"line":101,"column":8},"end":{"line":101,"column":33}},"22":{"start":{"line":102,"column":8},"end":{"line":102,"column":56}},"23":{"start":{"line":103,"column":8},"end":{"line":103,"column":3430}},"24":{"start":{"line":104,"column":12},"end":{"line":104,"column":3497}},"25":{"start":{"line":108,"column":16},"end":{"line":108,"column":31}},"26":{"start":{"line":110,"column":12},"end":{"line":110,"column":42}},"27":{"start":{"line":116,"column":8},"end":{"line":116,"column":41}},"28":{"start":{"line":120,"column":8},"end":{"line":120,"column":24}},"29":{"start":{"line":128,"column":8},"end":{"line":128,"column":36}},"30":{"start":{"line":132,"column":8},"end":{"line":132,"column":29}}},"branchMap":{"1":{"line":57,"type":"if","locations":[{"start":{"line":57,"column":8},"end":{"line":57,"column":8}},{"start":{"line":57,"column":8},"end":{"line":57,"column":8}}]},"2":{"line":91,"type":"if","locations":[{"start":{"line":91,"column":8},"end":{"line":91,"column":8}},{"start":{"line":91,"column":8},"end":{"line":91,"column":8}}]},"3":{"line":104,"type":"if","locations":[{"start":{"line":104,"column":12},"end":{"line":104,"column":12}},{"start":{"line":104,"column":12},"end":{"line":104,"column":12}}]}}}}