TN:
SF:/home/soroush/hardhat-nft/contracts/BasicNft.sol
FN:10,constructor
FN:14,mintNft
FN:20,tokenURI
FN:26,getTokenCounter
FNF:4
FNH:0
FNDA:0,constructor
FNDA:0,mintNft
FNDA:0,tokenURI
FNDA:0,getTokenCounter
DA:11,0
DA:15,0
DA:16,0
DA:17,0
DA:23,0
DA:27,0
LF:6
LH:0
BRF:0
BRH:0
end_of_record
TN:
SF:/home/soroush/hardhat-nft/contracts/RandomIpfsNft.sol
FN:47,constructor
FN:56,requestNft
FN:72,fulfillRandomWords
FN:88,withdraw
FN:96,getBreedFromModdedRng
FN:115,getChanceArray
FN:119,getMintFee
FN:123,getDogTokenUris
FN:131,getTokenCounter
FNF:9
FNH:0
FNDA:0,constructor
FNDA:0,requestNft
FNDA:0,fulfillRandomWords
FNDA:0,withdraw
FNDA:0,getBreedFromModdedRng
FNDA:0,getChanceArray
FNDA:0,getMintFee
FNDA:0,getDogTokenUris
FNDA:0,getTokenCounter
DA:48,0
DA:49,0
DA:50,0
DA:51,0
DA:52,0
DA:53,0
DA:57,0
DA:58,0
DA:61,0
DA:68,0
DA:69,0
DA:76,0
DA:77,0
DA:80,0
DA:82,0
DA:83,0
DA:84,0
DA:85,0
DA:89,0
DA:90,0
DA:91,0
DA:92,0
DA:101,0
DA:102,0
DA:103,0
DA:104,0
DA:108,0
DA:110,0
DA:112,0
DA:116,0
DA:120,0
DA:128,0
DA:132,0
LF:33
LH:0
BRDA:57,1,0,0
BRDA:57,1,1,0
BRDA:91,2,0,0
BRDA:91,2,1,0
BRDA:104,3,0,0
BRDA:104,3,1,0
BRF:6
BRH:0
end_of_record
